07:42:46.978 [main] DEBUG - Parsing relationship: /_rels/.rels
07:42:47.000 [main] DEBUG - using default POIXMLDocumentPart for http://schemas.openxmlformats.org/officeDocument/2006/relationships/printerSettings
07:43:02.204 [main] INFO  - Goto my account-->Click on Login.. 
07:43:02.768 [main] DEBUG - Parsing relationship: /xl/_rels/workbook.xml.rels
07:43:02.771 [main] DEBUG - Parsing relationship: /xl/worksheets/_rels/sheet1.xml.rels
07:43:02.772 [main] DEBUG - Parsing relationship: /_rels/.rels
07:43:02.783 [main] DEBUG - using default POIXMLDocumentPart for http://schemas.openxmlformats.org/officeDocument/2006/relationships/printerSettings
07:43:18.446 [main] INFO  - Goto my account-->Click on Login.. 
07:43:19.010 [main] DEBUG - Parsing relationship: /xl/_rels/workbook.xml.rels
07:43:19.012 [main] DEBUG - Parsing relationship: /xl/worksheets/_rels/sheet1.xml.rels
07:43:19.013 [main] DEBUG - Parsing relationship: /_rels/.rels
07:43:19.027 [main] DEBUG - using default POIXMLDocumentPart for http://schemas.openxmlformats.org/officeDocument/2006/relationships/printerSettings
07:50:24.166 [main] INFO  - Goto my account-->Click on Login.. 
07:50:24.723 [main] INFO  - Entering email and password.. 
07:50:25.689 [main] INFO  - clicked on login button...
07:52:42.486 [main] INFO  - Goto my account-->Click on Login.. 
07:52:42.985 [main] INFO  - Entering email and password.. 
07:52:43.714 [main] INFO  - clicked on login button...
07:55:08.684 [main] INFO  - Goto my account-->Click on Login.. 
07:55:09.306 [main] INFO  - Entering email and password.. 
07:55:10.334 [main] INFO  - clicked on login button...
07:58:17.907 [main] INFO  - Goto my account-->Click on Login.. 
07:58:18.457 [main] INFO  - Entering email and password.. 
07:58:19.518 [main] INFO  - clicked on login button...
07:58:53.684 [main] INFO  - Goto my account-->Click on Login.. 
07:58:54.303 [main] INFO  - Entering email and password.. 
07:58:55.417 [main] INFO  - clicked on login button...
08:02:13.596 [main] INFO  - Goto my account-->Click on Login.. 
08:02:14.126 [main] INFO  - Entering email and password.. 
08:02:15.149 [main] INFO  - clicked on login button...
08:04:47.286 [main] INFO  - Goto my account-->Click on Login.. 
08:04:47.822 [main] INFO  - Entering email and password.. 
08:04:48.799 [main] INFO  - clicked on login button...
12:51:35.104 [main] INFO  - Goto my account-->Click on Login.. 
12:51:35.616 [main] INFO  - Entering email and password.. 
12:51:36.041 [main] INFO  - clicked on login button...
15:12:22.618 [main] INFO  - Goto my account-->Click on Login.. 
15:12:23.988 [main] DEBUG - Parsing relationship: /xl/_rels/workbook.xml.rels
15:12:23.991 [main] DEBUG - Parsing relationship: /xl/worksheets/_rels/sheet1.xml.rels
15:12:23.993 [main] DEBUG - Parsing relationship: /_rels/.rels
15:12:24.347 [main] TRACE - Loading type system org.apache.poi.schemas.ooxml.system.ooxml
15:12:24.351 [main] TRACE - Loading type system org.apache.xmlbeans.metadata.system.sXMLCONFIG
15:12:24.352 [main] TRACE - Loading type system org.apache.xmlbeans.metadata.system.sXMLLANG
15:12:24.355 [main] TRACE - Loading type system org.apache.xmlbeans.metadata.system.sXMLSCHEMA
15:12:24.356 [main] TRACE - Loading type system org.apache.xmlbeans.metadata.system.sXMLTOOLS
15:12:24.357 [main] TRACE - Reading unresolved handles for type system org.apache.xmlbeans.metadata.system.sXMLTOOLS
15:12:24.380 [main] TRACE - Finished loading type system org.apache.xmlbeans.metadata.system.sXMLTOOLS
15:12:24.381 [main] TRACE - Reading unresolved handles for type system org.apache.xmlbeans.metadata.system.sXMLSCHEMA
15:12:24.388 [main] TRACE - Finished loading type system org.apache.xmlbeans.metadata.system.sXMLSCHEMA
15:12:24.390 [main] TRACE - Reading unresolved handles for type system org.apache.xmlbeans.metadata.system.sXMLLANG
15:12:24.391 [main] TRACE - Finished loading type system org.apache.xmlbeans.metadata.system.sXMLLANG
15:12:24.392 [main] TRACE - Reading unresolved handles for type system org.apache.xmlbeans.metadata.system.sXMLCONFIG
15:12:24.408 [main] TRACE - Finished loading type system org.apache.xmlbeans.metadata.system.sXMLCONFIG
15:12:24.409 [main] TRACE - Reading unresolved handles for type system org.apache.poi.schemas.ooxml.system.ooxml
15:12:24.506 [main] TRACE - Finished loading type system org.apache.poi.schemas.ooxml.system.ooxml
15:12:24.506 [main] TRACE - Resolving type for handle themefd26doctype
15:12:24.689 [main] TRACE - Resolving type for handle stylesheet5d8bdoctype
15:12:24.725 [main] TRACE - Resolving type for handle ctstylesheet4257type
15:12:24.753 [main] TRACE - Resolving type for handle ctfonts6623type
15:12:24.776 [main] TRACE - Resolving type for handle ctfont14d8type
15:12:24.804 [main] TRACE - Resolving type for handle ctfills2c6ftype
15:12:24.812 [main] TRACE - Resolving type for handle ctfill550ctype
15:12:24.819 [main] TRACE - Resolving type for handle ctborders0d66type
15:12:24.835 [main] TRACE - Resolving type for handle ctborderf935type
15:12:24.852 [main] TRACE - Resolving type for handle ctcellxfs1322type
15:12:24.874 [main] TRACE - Resolving type for handle ctxf97f7type
15:12:24.886 [main] TRACE - Resolving type for handle ctcellstylexfsa81ftype
15:12:24.901 [main] TRACE - Resolving type for handle ctdxfsb26atype
15:12:24.911 [main] TRACE - Resolving type for handle cttablestyles872ftype
15:12:24.920 [main] TRACE - Resolving type for handle sstf81fdoctype
15:12:24.925 [main] TRACE - Resolving type for handle ctsst44f3type
15:12:24.941 [main] TRACE - Resolving type for handle ctrsta472type
15:12:24.959 [main] DEBUG - using default POIXMLDocumentPart for http://schemas.openxmlformats.org/officeDocument/2006/relationships/printerSettings
15:12:24.960 [main] TRACE - Resolving type for handle workbookec17doctype
15:12:24.966 [main] TRACE - Resolving type for handle ctworkbook83c3type
15:12:24.980 [main] TRACE - Resolving type for handle ctsheets49fdtype
15:12:24.990 [main] TRACE - Resolving type for handle ctsheet4dbetype
15:12:24.995 [main] TRACE - Resolving type for handle strelationshipid1e94type
15:12:24.999 [main] TRACE - Resolving type for handle worksheetf539doctype
15:12:25.006 [main] TRACE - Resolving type for handle ctworksheet530dtype
15:12:25.023 [main] TRACE - Resolving type for handle ctcols627ctype
15:12:25.032 [main] TRACE - Resolving type for handle ctcola95ftype
15:12:25.057 [main] TRACE - Resolving type for handle ctsheetdata8408type
15:12:25.067 [main] TRACE - Resolving type for handle ctrowdd39type
15:12:25.075 [main] TRACE - Resolving type for handle ctcell842btype
15:12:25.088 [main] TRACE - Resolving type for handle stcellrefe4e0type
15:12:25.107 [main] TRACE - Resolving type for handle cthyperlinks6416type
15:12:25.114 [main] TRACE - Resolving type for handle cthyperlink0c85type
15:12:25.125 [main] TRACE - Resolving type for handle stxstringf179type
15:12:25.131 [main] TRACE - Resolving type for handle stcelltypebf95type
15:14:07.099 [main] INFO  - Goto my account-->Click on Login.. 
15:14:07.827 [main] DEBUG - Parsing relationship: /xl/_rels/workbook.xml.rels
15:14:07.837 [main] DEBUG - Parsing relationship: /xl/worksheets/_rels/sheet1.xml.rels
15:14:07.840 [main] DEBUG - Parsing relationship: /_rels/.rels
15:14:08.084 [main] TRACE - Loading type system org.apache.poi.schemas.ooxml.system.ooxml
15:14:08.084 [main] TRACE - Loading type system org.apache.xmlbeans.metadata.system.sXMLCONFIG
15:14:08.084 [main] TRACE - Loading type system org.apache.xmlbeans.metadata.system.sXMLLANG
15:14:08.084 [main] TRACE - Loading type system org.apache.xmlbeans.metadata.system.sXMLSCHEMA
15:14:08.084 [main] TRACE - Loading type system org.apache.xmlbeans.metadata.system.sXMLTOOLS
15:14:08.091 [main] TRACE - Reading unresolved handles for type system org.apache.xmlbeans.metadata.system.sXMLTOOLS
15:14:08.102 [main] TRACE - Finished loading type system org.apache.xmlbeans.metadata.system.sXMLTOOLS
15:14:08.102 [main] TRACE - Reading unresolved handles for type system org.apache.xmlbeans.metadata.system.sXMLSCHEMA
15:14:08.102 [main] TRACE - Finished loading type system org.apache.xmlbeans.metadata.system.sXMLSCHEMA
15:14:08.197 [main] TRACE - Reading unresolved handles for type system org.apache.xmlbeans.metadata.system.sXMLLANG
15:14:08.213 [main] TRACE - Finished loading type system org.apache.xmlbeans.metadata.system.sXMLLANG
15:14:08.215 [main] TRACE - Reading unresolved handles for type system org.apache.xmlbeans.metadata.system.sXMLCONFIG
15:14:08.217 [main] TRACE - Finished loading type system org.apache.xmlbeans.metadata.system.sXMLCONFIG
15:14:08.219 [main] TRACE - Reading unresolved handles for type system org.apache.poi.schemas.ooxml.system.ooxml
15:14:08.292 [main] TRACE - Finished loading type system org.apache.poi.schemas.ooxml.system.ooxml
15:14:08.292 [main] TRACE - Resolving type for handle themefd26doctype
15:14:08.451 [main] TRACE - Resolving type for handle stylesheet5d8bdoctype
15:14:08.467 [main] TRACE - Resolving type for handle ctstylesheet4257type
15:14:08.473 [main] TRACE - Resolving type for handle ctfonts6623type
15:14:08.483 [main] TRACE - Resolving type for handle ctfont14d8type
15:14:08.499 [main] TRACE - Resolving type for handle ctfills2c6ftype
15:14:08.499 [main] TRACE - Resolving type for handle ctfill550ctype
15:14:08.499 [main] TRACE - Resolving type for handle ctborders0d66type
15:14:08.515 [main] TRACE - Resolving type for handle ctborderf935type
15:14:08.515 [main] TRACE - Resolving type for handle ctcellxfs1322type
15:14:08.531 [main] TRACE - Resolving type for handle ctxf97f7type
15:14:08.531 [main] TRACE - Resolving type for handle ctcellstylexfsa81ftype
15:14:08.547 [main] TRACE - Resolving type for handle ctdxfsb26atype
15:14:08.562 [main] TRACE - Resolving type for handle cttablestyles872ftype
15:14:08.562 [main] TRACE - Resolving type for handle sstf81fdoctype
15:14:08.579 [main] TRACE - Resolving type for handle ctsst44f3type
15:14:08.601 [main] TRACE - Resolving type for handle ctrsta472type
15:14:08.626 [main] DEBUG - using default POIXMLDocumentPart for http://schemas.openxmlformats.org/officeDocument/2006/relationships/printerSettings
15:14:08.626 [main] TRACE - Resolving type for handle workbookec17doctype
15:14:08.634 [main] TRACE - Resolving type for handle ctworkbook83c3type
15:14:08.648 [main] TRACE - Resolving type for handle ctsheets49fdtype
15:14:08.658 [main] TRACE - Resolving type for handle ctsheet4dbetype
15:14:08.658 [main] TRACE - Resolving type for handle strelationshipid1e94type
15:14:08.678 [main] TRACE - Resolving type for handle worksheetf539doctype
15:14:08.689 [main] TRACE - Resolving type for handle ctworksheet530dtype
15:14:08.706 [main] TRACE - Resolving type for handle ctcols627ctype
15:14:08.706 [main] TRACE - Resolving type for handle ctcola95ftype
15:14:08.740 [main] TRACE - Resolving type for handle ctsheetdata8408type
15:14:08.753 [main] TRACE - Resolving type for handle ctrowdd39type
15:14:08.769 [main] TRACE - Resolving type for handle ctcell842btype
15:14:08.801 [main] TRACE - Resolving type for handle stcellrefe4e0type
15:14:08.822 [main] TRACE - Resolving type for handle cthyperlinks6416type
15:14:08.833 [main] TRACE - Resolving type for handle cthyperlink0c85type
15:14:08.849 [main] TRACE - Resolving type for handle stxstringf179type
15:14:08.849 [main] TRACE - Resolving type for handle stcelltypebf95type
15:14:25.411 [main] INFO  - Goto my account-->Click on Login.. 
15:14:25.877 [main] DEBUG - Parsing relationship: /xl/_rels/workbook.xml.rels
15:14:25.877 [main] DEBUG - Parsing relationship: /xl/worksheets/_rels/sheet1.xml.rels
15:14:25.877 [main] DEBUG - Parsing relationship: /_rels/.rels
15:14:25.905 [main] DEBUG - using default POIXMLDocumentPart for http://schemas.openxmlformats.org/officeDocument/2006/relationships/printerSettings
15:14:32.604 [main] INFO  - Goto my account-->Click on Login.. 
15:14:33.312 [main] DEBUG - Parsing relationship: /xl/_rels/workbook.xml.rels
15:14:33.314 [main] DEBUG - Parsing relationship: /xl/worksheets/_rels/sheet1.xml.rels
15:14:33.316 [main] DEBUG - Parsing relationship: /_rels/.rels
15:14:33.341 [main] DEBUG - using default POIXMLDocumentPart for http://schemas.openxmlformats.org/officeDocument/2006/relationships/printerSettings
15:14:40.440 [main] INFO  - Goto my account-->Click on Login.. 
15:14:40.834 [main] DEBUG - Parsing relationship: /xl/_rels/workbook.xml.rels
15:14:40.838 [main] DEBUG - Parsing relationship: /xl/worksheets/_rels/sheet1.xml.rels
15:14:40.838 [main] DEBUG - Parsing relationship: /_rels/.rels
15:14:40.849 [main] DEBUG - using default POIXMLDocumentPart for http://schemas.openxmlformats.org/officeDocument/2006/relationships/printerSettings
15:14:56.668 [main] INFO  - Goto my account-->Click on Login.. 
15:14:57.237 [main] DEBUG - Parsing relationship: /xl/_rels/workbook.xml.rels
15:14:57.237 [main] DEBUG - Parsing relationship: /xl/worksheets/_rels/sheet1.xml.rels
15:14:57.237 [main] DEBUG - Parsing relationship: /_rels/.rels
15:14:57.253 [main] DEBUG - using default POIXMLDocumentPart for http://schemas.openxmlformats.org/officeDocument/2006/relationships/printerSettings
11:09:36.502 [main] INFO  - Goto my account-->Click on Login.. 
11:09:38.706 [main] DEBUG - Parsing relationship: /xl/_rels/workbook.xml.rels
11:09:38.708 [main] DEBUG - Parsing relationship: /xl/worksheets/_rels/sheet1.xml.rels
11:09:38.717 [main] DEBUG - Parsing relationship: /_rels/.rels
11:09:39.035 [main] TRACE - Loading type system org.apache.poi.schemas.ooxml.system.ooxml
11:09:39.035 [main] TRACE - Loading type system org.apache.xmlbeans.metadata.system.sXMLCONFIG
11:09:39.035 [main] TRACE - Loading type system org.apache.xmlbeans.metadata.system.sXMLLANG
11:09:39.035 [main] TRACE - Loading type system org.apache.xmlbeans.metadata.system.sXMLSCHEMA
11:09:39.035 [main] TRACE - Loading type system org.apache.xmlbeans.metadata.system.sXMLTOOLS
11:09:39.035 [main] TRACE - Reading unresolved handles for type system org.apache.xmlbeans.metadata.system.sXMLTOOLS
11:09:39.067 [main] TRACE - Finished loading type system org.apache.xmlbeans.metadata.system.sXMLTOOLS
11:09:39.067 [main] TRACE - Reading unresolved handles for type system org.apache.xmlbeans.metadata.system.sXMLSCHEMA
11:09:39.073 [main] TRACE - Finished loading type system org.apache.xmlbeans.metadata.system.sXMLSCHEMA
11:09:39.075 [main] TRACE - Reading unresolved handles for type system org.apache.xmlbeans.metadata.system.sXMLLANG
11:09:39.076 [main] TRACE - Finished loading type system org.apache.xmlbeans.metadata.system.sXMLLANG
11:09:39.077 [main] TRACE - Reading unresolved handles for type system org.apache.xmlbeans.metadata.system.sXMLCONFIG
11:09:39.078 [main] TRACE - Finished loading type system org.apache.xmlbeans.metadata.system.sXMLCONFIG
11:09:39.079 [main] TRACE - Reading unresolved handles for type system org.apache.poi.schemas.ooxml.system.ooxml
11:09:39.154 [main] TRACE - Finished loading type system org.apache.poi.schemas.ooxml.system.ooxml
11:09:39.155 [main] TRACE - Resolving type for handle themefd26doctype
11:09:39.249 [main] TRACE - Resolving type for handle stylesheet5d8bdoctype
11:09:39.257 [main] TRACE - Resolving type for handle ctstylesheet4257type
11:09:39.263 [main] TRACE - Resolving type for handle ctfonts6623type
11:09:39.267 [main] TRACE - Resolving type for handle ctfont14d8type
11:09:39.267 [main] TRACE - Resolving type for handle ctfills2c6ftype
11:09:39.283 [main] TRACE - Resolving type for handle ctfill550ctype
11:09:39.283 [main] TRACE - Resolving type for handle ctborders0d66type
11:09:39.283 [main] TRACE - Resolving type for handle ctborderf935type
11:09:39.302 [main] TRACE - Resolving type for handle ctcellxfs1322type
11:09:39.306 [main] TRACE - Resolving type for handle ctxf97f7type
11:09:39.310 [main] TRACE - Resolving type for handle ctcellstylexfsa81ftype
11:09:39.315 [main] TRACE - Resolving type for handle ctdxfsb26atype
11:09:39.319 [main] TRACE - Resolving type for handle cttablestyles872ftype
11:09:39.324 [main] TRACE - Resolving type for handle sstf81fdoctype
11:09:39.330 [main] TRACE - Resolving type for handle ctsst44f3type
11:09:39.337 [main] TRACE - Resolving type for handle ctrsta472type
11:09:39.376 [main] DEBUG - using default POIXMLDocumentPart for http://schemas.openxmlformats.org/officeDocument/2006/relationships/printerSettings
11:09:39.377 [main] TRACE - Resolving type for handle workbookec17doctype
11:09:39.382 [main] TRACE - Resolving type for handle ctworkbook83c3type
11:09:39.382 [main] TRACE - Resolving type for handle ctsheets49fdtype
11:09:39.382 [main] TRACE - Resolving type for handle ctsheet4dbetype
11:09:39.382 [main] TRACE - Resolving type for handle strelationshipid1e94type
11:09:39.398 [main] TRACE - Resolving type for handle worksheetf539doctype
11:09:39.406 [main] TRACE - Resolving type for handle ctworksheet530dtype
11:09:39.418 [main] TRACE - Resolving type for handle ctcols627ctype
11:09:39.425 [main] TRACE - Resolving type for handle ctcola95ftype
11:09:39.448 [main] TRACE - Resolving type for handle ctsheetdata8408type
11:09:39.455 [main] TRACE - Resolving type for handle ctrowdd39type
11:09:39.457 [main] TRACE - Resolving type for handle ctcell842btype
11:09:39.471 [main] TRACE - Resolving type for handle stcellrefe4e0type
11:09:39.479 [main] TRACE - Resolving type for handle cthyperlinks6416type
11:09:39.483 [main] TRACE - Resolving type for handle cthyperlink0c85type
11:09:39.492 [main] TRACE - Resolving type for handle stxstringf179type
11:09:39.495 [main] TRACE - Resolving type for handle stcelltypebf95type
11:09:55.783 [main] INFO  - Goto my account-->Click on Login.. 
11:09:56.399 [main] DEBUG - Parsing relationship: /xl/_rels/workbook.xml.rels
11:09:56.399 [main] DEBUG - Parsing relationship: /xl/worksheets/_rels/sheet1.xml.rels
11:09:56.415 [main] DEBUG - Parsing relationship: /_rels/.rels
11:09:56.439 [main] DEBUG - using default POIXMLDocumentPart for http://schemas.openxmlformats.org/officeDocument/2006/relationships/printerSettings
11:10:17.618 [main] INFO  - Goto my account-->Click on Login.. 
11:10:18.206 [main] DEBUG - Parsing relationship: /xl/_rels/workbook.xml.rels
11:10:18.208 [main] DEBUG - Parsing relationship: /xl/worksheets/_rels/sheet1.xml.rels
11:10:18.209 [main] DEBUG - Parsing relationship: /_rels/.rels
11:10:18.229 [main] DEBUG - using default POIXMLDocumentPart for http://schemas.openxmlformats.org/officeDocument/2006/relationships/printerSettings
11:10:40.375 [main] INFO  - Goto my account-->Click on Login.. 
11:10:41.903 [main] DEBUG - Parsing relationship: /xl/_rels/workbook.xml.rels
11:10:41.907 [main] DEBUG - Parsing relationship: /xl/worksheets/_rels/sheet1.xml.rels
11:10:41.915 [main] DEBUG - Parsing relationship: /_rels/.rels
11:10:41.998 [main] DEBUG - using default POIXMLDocumentPart for http://schemas.openxmlformats.org/officeDocument/2006/relationships/printerSettings
11:10:57.574 [main] INFO  - Goto my account-->Click on Login.. 
11:10:58.539 [main] DEBUG - Parsing relationship: /xl/_rels/workbook.xml.rels
11:10:58.541 [main] DEBUG - Parsing relationship: /xl/worksheets/_rels/sheet1.xml.rels
11:10:58.543 [main] DEBUG - Parsing relationship: /_rels/.rels
11:10:58.573 [main] DEBUG - using default POIXMLDocumentPart for http://schemas.openxmlformats.org/officeDocument/2006/relationships/printerSettings
12:15:42.110 [main] INFO  - Goto my account-->Click on Login.. 
12:15:43.325 [main] DEBUG - Parsing relationship: /xl/_rels/workbook.xml.rels
12:15:43.332 [main] DEBUG - Parsing relationship: /xl/worksheets/_rels/sheet1.xml.rels
12:15:43.336 [main] DEBUG - Parsing relationship: /_rels/.rels
12:15:43.715 [main] TRACE - Loading type system org.apache.poi.schemas.ooxml.system.ooxml
12:15:43.728 [main] TRACE - Loading type system org.apache.xmlbeans.metadata.system.sXMLCONFIG
12:15:43.729 [main] TRACE - Loading type system org.apache.xmlbeans.metadata.system.sXMLLANG
12:15:43.730 [main] TRACE - Loading type system org.apache.xmlbeans.metadata.system.sXMLSCHEMA
12:15:43.731 [main] TRACE - Loading type system org.apache.xmlbeans.metadata.system.sXMLTOOLS
12:15:43.733 [main] TRACE - Reading unresolved handles for type system org.apache.xmlbeans.metadata.system.sXMLTOOLS
12:15:43.765 [main] TRACE - Finished loading type system org.apache.xmlbeans.metadata.system.sXMLTOOLS
12:15:43.766 [main] TRACE - Reading unresolved handles for type system org.apache.xmlbeans.metadata.system.sXMLSCHEMA
12:15:43.772 [main] TRACE - Finished loading type system org.apache.xmlbeans.metadata.system.sXMLSCHEMA
12:15:43.773 [main] TRACE - Reading unresolved handles for type system org.apache.xmlbeans.metadata.system.sXMLLANG
12:15:43.774 [main] TRACE - Finished loading type system org.apache.xmlbeans.metadata.system.sXMLLANG
12:15:43.779 [main] TRACE - Reading unresolved handles for type system org.apache.xmlbeans.metadata.system.sXMLCONFIG
12:15:43.780 [main] TRACE - Finished loading type system org.apache.xmlbeans.metadata.system.sXMLCONFIG
12:15:43.781 [main] TRACE - Reading unresolved handles for type system org.apache.poi.schemas.ooxml.system.ooxml
12:15:43.849 [main] TRACE - Finished loading type system org.apache.poi.schemas.ooxml.system.ooxml
12:15:43.850 [main] TRACE - Resolving type for handle themefd26doctype
12:15:43.974 [main] TRACE - Resolving type for handle stylesheet5d8bdoctype
12:15:43.990 [main] TRACE - Resolving type for handle ctstylesheet4257type
12:15:44.001 [main] TRACE - Resolving type for handle ctfonts6623type
12:15:44.002 [main] TRACE - Resolving type for handle ctfont14d8type
12:15:44.028 [main] TRACE - Resolving type for handle ctfills2c6ftype
12:15:44.033 [main] TRACE - Resolving type for handle ctfill550ctype
12:15:44.039 [main] TRACE - Resolving type for handle ctborders0d66type
12:15:44.046 [main] TRACE - Resolving type for handle ctborderf935type
12:15:44.051 [main] TRACE - Resolving type for handle ctcellxfs1322type
12:15:44.051 [main] TRACE - Resolving type for handle ctxf97f7type
12:15:44.051 [main] TRACE - Resolving type for handle ctcellstylexfsa81ftype
12:15:44.072 [main] TRACE - Resolving type for handle ctdxfsb26atype
12:15:44.082 [main] TRACE - Resolving type for handle cttablestyles872ftype
12:15:44.092 [main] TRACE - Resolving type for handle sstf81fdoctype
12:15:44.098 [main] TRACE - Resolving type for handle ctsst44f3type
12:15:44.117 [main] TRACE - Resolving type for handle ctrsta472type
12:15:44.144 [main] DEBUG - using default POIXMLDocumentPart for http://schemas.openxmlformats.org/officeDocument/2006/relationships/printerSettings
12:15:44.146 [main] TRACE - Resolving type for handle workbookec17doctype
12:15:44.155 [main] TRACE - Resolving type for handle ctworkbook83c3type
12:15:44.168 [main] TRACE - Resolving type for handle ctsheets49fdtype
12:15:44.168 [main] TRACE - Resolving type for handle ctsheet4dbetype
12:15:44.168 [main] TRACE - Resolving type for handle strelationshipid1e94type
12:15:44.186 [main] TRACE - Resolving type for handle worksheetf539doctype
12:15:44.194 [main] TRACE - Resolving type for handle ctworksheet530dtype
12:15:44.209 [main] TRACE - Resolving type for handle ctcols627ctype
12:15:44.215 [main] TRACE - Resolving type for handle ctcola95ftype
12:15:44.246 [main] TRACE - Resolving type for handle ctsheetdata8408type
12:15:44.251 [main] TRACE - Resolving type for handle ctrowdd39type
12:15:44.260 [main] TRACE - Resolving type for handle ctcell842btype
12:15:44.278 [main] TRACE - Resolving type for handle stcellrefe4e0type
12:15:44.530 [main] TRACE - Resolving type for handle cthyperlinks6416type
12:15:44.545 [main] TRACE - Resolving type for handle cthyperlink0c85type
12:15:44.588 [main] TRACE - Resolving type for handle stxstringf179type
12:15:44.588 [main] TRACE - Resolving type for handle stcelltypebf95type
12:16:04.193 [main] INFO  - Goto my account-->Click on Login.. 
12:16:05.246 [main] DEBUG - Parsing relationship: /xl/_rels/workbook.xml.rels
12:16:05.248 [main] DEBUG - Parsing relationship: /xl/worksheets/_rels/sheet1.xml.rels
12:16:05.251 [main] DEBUG - Parsing relationship: /_rels/.rels
12:16:05.283 [main] DEBUG - using default POIXMLDocumentPart for http://schemas.openxmlformats.org/officeDocument/2006/relationships/printerSettings
12:16:16.582 [main] INFO  - Goto my account-->Click on Login.. 
12:16:21.091 [main] DEBUG - Parsing relationship: /xl/_rels/workbook.xml.rels
12:16:21.099 [main] DEBUG - Parsing relationship: /xl/worksheets/_rels/sheet1.xml.rels
12:16:21.109 [main] DEBUG - Parsing relationship: /_rels/.rels
12:16:21.345 [main] DEBUG - using default POIXMLDocumentPart for http://schemas.openxmlformats.org/officeDocument/2006/relationships/printerSettings
12:35:28.986 [main] INFO  - Goto my account-->Click on Login.. 
12:35:29.696 [main] DEBUG - Parsing relationship: /xl/_rels/workbook.xml.rels
12:35:29.700 [main] DEBUG - Parsing relationship: /xl/worksheets/_rels/sheet1.xml.rels
12:35:29.702 [main] DEBUG - Parsing relationship: /_rels/.rels
12:35:29.993 [main] TRACE - Loading type system org.apache.poi.schemas.ooxml.system.ooxml
12:35:29.993 [main] TRACE - Loading type system org.apache.xmlbeans.metadata.system.sXMLCONFIG
12:35:29.993 [main] TRACE - Loading type system org.apache.xmlbeans.metadata.system.sXMLLANG
12:35:29.993 [main] TRACE - Loading type system org.apache.xmlbeans.metadata.system.sXMLSCHEMA
12:35:29.993 [main] TRACE - Loading type system org.apache.xmlbeans.metadata.system.sXMLTOOLS
12:35:29.993 [main] TRACE - Reading unresolved handles for type system org.apache.xmlbeans.metadata.system.sXMLTOOLS
12:35:30.010 [main] TRACE - Finished loading type system org.apache.xmlbeans.metadata.system.sXMLTOOLS
12:35:30.010 [main] TRACE - Reading unresolved handles for type system org.apache.xmlbeans.metadata.system.sXMLSCHEMA
12:35:30.019 [main] TRACE - Finished loading type system org.apache.xmlbeans.metadata.system.sXMLSCHEMA
12:35:30.019 [main] TRACE - Reading unresolved handles for type system org.apache.xmlbeans.metadata.system.sXMLLANG
12:35:30.027 [main] TRACE - Finished loading type system org.apache.xmlbeans.metadata.system.sXMLLANG
12:35:30.028 [main] TRACE - Reading unresolved handles for type system org.apache.xmlbeans.metadata.system.sXMLCONFIG
12:35:30.030 [main] TRACE - Finished loading type system org.apache.xmlbeans.metadata.system.sXMLCONFIG
12:35:30.031 [main] TRACE - Reading unresolved handles for type system org.apache.poi.schemas.ooxml.system.ooxml
12:35:30.099 [main] TRACE - Finished loading type system org.apache.poi.schemas.ooxml.system.ooxml
12:35:30.100 [main] TRACE - Resolving type for handle themefd26doctype
12:35:30.178 [main] TRACE - Resolving type for handle stylesheet5d8bdoctype
12:35:30.182 [main] TRACE - Resolving type for handle ctstylesheet4257type
12:35:30.197 [main] TRACE - Resolving type for handle ctfonts6623type
12:35:30.201 [main] TRACE - Resolving type for handle ctfont14d8type
12:35:30.210 [main] TRACE - Resolving type for handle ctfills2c6ftype
12:35:30.213 [main] TRACE - Resolving type for handle ctfill550ctype
12:35:30.216 [main] TRACE - Resolving type for handle ctborders0d66type
12:35:30.219 [main] TRACE - Resolving type for handle ctborderf935type
12:35:30.223 [main] TRACE - Resolving type for handle ctcellxfs1322type
12:35:30.226 [main] TRACE - Resolving type for handle ctxf97f7type
12:35:30.226 [main] TRACE - Resolving type for handle ctcellstylexfsa81ftype
12:35:30.226 [main] TRACE - Resolving type for handle ctdxfsb26atype
12:35:30.226 [main] TRACE - Resolving type for handle cttablestyles872ftype
12:35:30.226 [main] TRACE - Resolving type for handle sstf81fdoctype
12:35:30.245 [main] TRACE - Resolving type for handle ctsst44f3type
12:35:30.258 [main] TRACE - Resolving type for handle ctrsta472type
12:35:30.277 [main] DEBUG - using default POIXMLDocumentPart for http://schemas.openxmlformats.org/officeDocument/2006/relationships/printerSettings
12:35:30.278 [main] TRACE - Resolving type for handle workbookec17doctype
12:35:30.283 [main] TRACE - Resolving type for handle ctworkbook83c3type
12:35:30.291 [main] TRACE - Resolving type for handle ctsheets49fdtype
12:35:30.292 [main] TRACE - Resolving type for handle ctsheet4dbetype
12:35:30.292 [main] TRACE - Resolving type for handle strelationshipid1e94type
12:35:30.302 [main] TRACE - Resolving type for handle worksheetf539doctype
12:35:30.369 [main] TRACE - Resolving type for handle ctworksheet530dtype
12:35:30.386 [main] TRACE - Resolving type for handle ctcols627ctype
12:35:30.393 [main] TRACE - Resolving type for handle ctcola95ftype
12:35:30.409 [main] TRACE - Resolving type for handle ctsheetdata8408type
12:35:30.409 [main] TRACE - Resolving type for handle ctrowdd39type
12:35:30.409 [main] TRACE - Resolving type for handle ctcell842btype
12:35:30.426 [main] TRACE - Resolving type for handle stcellrefe4e0type
12:35:30.441 [main] TRACE - Resolving type for handle cthyperlinks6416type
12:35:30.446 [main] TRACE - Resolving type for handle cthyperlink0c85type
12:35:30.453 [main] TRACE - Resolving type for handle stxstringf179type
12:35:30.459 [main] TRACE - Resolving type for handle stcelltypebf95type
12:35:46.609 [main] INFO  - Goto my account-->Click on Login.. 
12:35:47.503 [main] DEBUG - Parsing relationship: /xl/_rels/workbook.xml.rels
12:35:47.505 [main] DEBUG - Parsing relationship: /xl/worksheets/_rels/sheet1.xml.rels
12:35:47.515 [main] DEBUG - Parsing relationship: /_rels/.rels
12:35:47.604 [main] DEBUG - using default POIXMLDocumentPart for http://schemas.openxmlformats.org/officeDocument/2006/relationships/printerSettings
12:35:55.889 [main] INFO  - Goto my account-->Click on Login.. 
12:35:56.405 [main] DEBUG - Parsing relationship: /xl/_rels/workbook.xml.rels
12:35:56.406 [main] DEBUG - Parsing relationship: /xl/worksheets/_rels/sheet1.xml.rels
12:35:56.409 [main] DEBUG - Parsing relationship: /_rels/.rels
12:35:56.428 [main] DEBUG - using default POIXMLDocumentPart for http://schemas.openxmlformats.org/officeDocument/2006/relationships/printerSettings
